;  LST file generated by mikroListExporter - v.2.0 
; Date/Time: 9/5/2016 3:17:59 рм
;----------------------------------------------

;Address Opcode 	ASM
0x0000	0x2858      	GOTO       88
_____DoICP:
;__Lib_System.c,6 :: 		
;__Lib_System.c,9 :: 		
0x0003	0x1283      	BCF        STATUS, 5
0x0004	0x1303      	BCF        STATUS, 6
0x0005	0x082E      	MOVF       ___DoICPAddr+1, 0
0x0006	0x008A      	MOVWF      PCLATH
;__Lib_System.c,10 :: 		
0x0007	0x082D      	MOVF       ___DoICPAddr, 0
0x0008	0x0082      	MOVWF      PCL
;__Lib_System.c,12 :: 		
L_end_____DoICP:
0x0009	0x0008      	RETURN
; end of _____DoICP
_UART1_Write:
;__Lib_UART_c67.c,39 :: 		
;__Lib_UART_c67.c,40 :: 		
L_UART1_Write3:
0x000A	0x1683      	BSF        STATUS, 5
0x000B	0x1303      	BCF        STATUS, 6
0x000C	0x1898      	BTFSC      TXSTA, 1
0x000D	0x2810      	GOTO       L_UART1_Write4
;__Lib_UART_c67.c,41 :: 		
0x000E	0x0000      	NOP
0x000F	0x280A      	GOTO       L_UART1_Write3
L_UART1_Write4:
;__Lib_UART_c67.c,42 :: 		
0x0010	0x1283      	BCF        STATUS, 5
0x0011	0x0833      	MOVF       FARG_UART1_Write_data_, 0
0x0012	0x0099      	MOVWF      TXREG
;__Lib_UART_c67.c,43 :: 		
L_end_UART1_Write:
0x0013	0x0008      	RETURN
; end of _UART1_Write
_UART1_Init:
;__Lib_UART_c67.c,2 :: 		
;__Lib_UART_c67.c,5 :: 		
0x0014	0x1683      	BSF        STATUS, 5
0x0015	0x1303      	BCF        STATUS, 6
0x0016	0x1698      	BSF        TXSTA, 5
;__Lib_UART_c67.c,6 :: 		
0x0017	0x3090      	MOVLW      144
0x0018	0x1283      	BCF        STATUS, 5
0x0019	0x0098      	MOVWF      RCSTA
;__Lib_UART_c67.c,7 :: 		
0x001A	0x1683      	BSF        STATUS, 5
0x001B	0x1787      	BSF        TRISC7_bit, BitPos(TRISC7_bit+0)
;__Lib_UART_c67.c,8 :: 		
0x001C	0x1307      	BCF        TRISC6_bit, BitPos(TRISC6_bit+0)
;__Lib_UART_c67.c,10 :: 		
L_UART1_Init0:
0x001D	0x1283      	BCF        STATUS, 5
0x001E	0x1E8C      	BTFSS      PIR1, 5
0x001F	0x2823      	GOTO       L_UART1_Init1
;__Lib_UART_c67.c,11 :: 		
0x0020	0x081A      	MOVF       RCREG, 0
0x0021	0x00F0      	MOVWF      R0
0x0022	0x281D      	GOTO       L_UART1_Init0
L_UART1_Init1:
;__Lib_UART_c67.c,12 :: 		
L_end_UART1_Init:
0x0023	0x0008      	RETURN
; end of _UART1_Init
_UART1_Read:
;__Lib_UART_c67.c,21 :: 		
;__Lib_UART_c67.c,24 :: 		
0x0024	0x1283      	BCF        STATUS, 5
0x0025	0x1303      	BCF        STATUS, 6
0x0026	0x081A      	MOVF       RCREG, 0
0x0027	0x00F1      	MOVWF      R1
;__Lib_UART_c67.c,25 :: 		
0x0028	0x1C98      	BTFSS      RCSTA, 1
0x0029	0x282C      	GOTO       L_UART1_Read2
;__Lib_UART_c67.c,26 :: 		
0x002A	0x1218      	BCF        RCSTA, 4
;__Lib_UART_c67.c,27 :: 		
0x002B	0x1618      	BSF        RCSTA, 4
;__Lib_UART_c67.c,28 :: 		
L_UART1_Read2:
;__Lib_UART_c67.c,29 :: 		
0x002C	0x0871      	MOVF       R1, 0
0x002D	0x00F0      	MOVWF      R0
;__Lib_UART_c67.c,30 :: 		
L_end_UART1_Read:
0x002E	0x0008      	RETURN
; end of _UART1_Read
___CC2DW:
;__Lib_System.c,134 :: 		
;__Lib_System.c,137 :: 		
_CC2D_Loop1:
;__Lib_System.c,139 :: 		
0x002F	0x2003      	CALL       _____DoICP
0x0030	0x118A      	BCF        PCLATH, 3
0x0031	0x120A      	BCF        PCLATH, 4
;__Lib_System.c,141 :: 		
0x0032	0x0080      	MOVWF      INDF
;__Lib_System.c,142 :: 		
0x0033	0x0A84      	INCF       FSR, 1
;__Lib_System.c,143 :: 		
0x0034	0x0AAD      	INCF       ___DoICPAddr, 1
;__Lib_System.c,145 :: 		
0x0035	0x1903      	BTFSC      STATUS, 2
;__Lib_System.c,146 :: 		
0x0036	0x0AAE      	INCF       ___DoICPAddr+1, 1
;__Lib_System.c,147 :: 		
0x0037	0x03F0      	DECF       R0, 1
;__Lib_System.c,149 :: 		
0x0038	0x1D03      	BTFSS      STATUS, 2
;__Lib_System.c,150 :: 		
0x0039	0x282F      	GOTO       _CC2D_Loop1
;__Lib_System.c,152 :: 		
L_end___CC2DW:
0x003A	0x0008      	RETURN
; end of ___CC2DW
_UART1_Write_Text:
;__Lib_UART_c67.c,47 :: 		
;__Lib_UART_c67.c,48 :: 		
0x003B	0x1283      	BCF        STATUS, 5
0x003C	0x1303      	BCF        STATUS, 6
0x003D	0x01B2      	CLRF       UART1_Write_Text_counter_L0
;__Lib_UART_c67.c,50 :: 		
0x003E	0x0830      	MOVF       FARG_UART1_Write_Text_uart_text, 0
0x003F	0x0084      	MOVWF      FSR
0x0040	0x0800      	MOVF       INDF, 0
0x0041	0x00B1      	MOVWF      UART1_Write_Text_data__L0
;__Lib_UART_c67.c,51 :: 		
L_UART1_Write_Text5:
0x0042	0x0831      	MOVF       UART1_Write_Text_data__L0, 0
0x0043	0x3A00      	XORLW      0
0x0044	0x1903      	BTFSC      STATUS, 2
0x0045	0x2850      	GOTO       L_UART1_Write_Text6
;__Lib_UART_c67.c,52 :: 		
0x0046	0x0831      	MOVF       UART1_Write_Text_data__L0, 0
0x0047	0x00B3      	MOVWF      FARG_UART1_Write_data_
0x0048	0x200A      	CALL       _UART1_Write
;__Lib_UART_c67.c,53 :: 		
0x0049	0x0AB2      	INCF       UART1_Write_Text_counter_L0, 1
;__Lib_UART_c67.c,54 :: 		
0x004A	0x0832      	MOVF       UART1_Write_Text_counter_L0, 0
0x004B	0x0730      	ADDWF      FARG_UART1_Write_Text_uart_text, 0
0x004C	0x0084      	MOVWF      FSR
0x004D	0x0800      	MOVF       INDF, 0
0x004E	0x00B1      	MOVWF      UART1_Write_Text_data__L0
;__Lib_UART_c67.c,55 :: 		
0x004F	0x2842      	GOTO       L_UART1_Write_Text5
L_UART1_Write_Text6:
;__Lib_UART_c67.c,56 :: 		
L_end_UART1_Write_Text:
0x0050	0x0008      	RETURN
; end of _UART1_Write_Text
_UART1_Data_Ready:
;__Lib_UART_c67.c,16 :: 		
;__Lib_UART_c67.c,17 :: 		
0x0051	0x3000      	MOVLW      0
0x0052	0x1283      	BCF        STATUS, 5
0x0053	0x1303      	BCF        STATUS, 6
0x0054	0x1A8C      	BTFSC      PIR1, 5
0x0055	0x3001      	MOVLW      1
0x0056	0x00F0      	MOVWF      R0
;__Lib_UART_c67.c,18 :: 		
L_end_UART1_Data_Ready:
0x0057	0x0008      	RETURN
; end of _UART1_Data_Ready
_main:
0x0058	0x3053      	MOVLW      83
0x0059	0x1283      	BCF        STATUS, 5
0x005A	0x1303      	BCF        STATUS, 6
0x005B	0x00A0      	MOVWF      ?lstr1_MotorMovement1
0x005C	0x3079      	MOVLW      121
0x005D	0x00A1      	MOVWF      33
0x005E	0x3073      	MOVLW      115
0x005F	0x00A2      	MOVWF      34
0x0060	0x3074      	MOVLW      116
0x0061	0x00A3      	MOVWF      35
0x0062	0x3065      	MOVLW      101
0x0063	0x00A4      	MOVWF      36
0x0064	0x306D      	MOVLW      109
0x0065	0x00A5      	MOVWF      37
0x0066	0x3020      	MOVLW      32
0x0067	0x00A6      	MOVWF      38
0x0068	0x3072      	MOVLW      114
0x0069	0x00A7      	MOVWF      39
0x006A	0x3065      	MOVLW      101
0x006B	0x00A8      	MOVWF      40
0x006C	0x3061      	MOVLW      97
0x006D	0x00A9      	MOVWF      41
0x006E	0x3064      	MOVLW      100
0x006F	0x00AA      	MOVWF      42
0x0070	0x3079      	MOVLW      121
0x0071	0x00AB      	MOVWF      43
0x0072	0x01AC      	CLRF       44
;MotorMovement1.c,3 :: 		void main()
;MotorMovement1.c,7 :: 		TRISB = 0; //set port B as OUTPUT
0x0073	0x1683      	BSF        STATUS, 5
0x0074	0x0186      	CLRF       TRISB
;MotorMovement1.c,8 :: 		TRISD = 0; //set port D as OUTPUT
0x0075	0x0188      	CLRF       TRISD
;MotorMovement1.c,12 :: 		UART1_Init(9600);    // Initialize UART module at 9600 bps
0x0076	0x3019      	MOVLW      25
0x0077	0x0099      	MOVWF      SPBRG
0x0078	0x1518      	BSF        TXSTA, 2
0x0079	0x2014      	CALL       _UART1_Init
;MotorMovement1.c,13 :: 		Delay_ms(100);       // Wait a short delay for UART module to stabilize
0x007A	0x3082      	MOVLW      130
0x007B	0x00FC      	MOVWF      R12
0x007C	0x30DD      	MOVLW      221
0x007D	0x00FD      	MOVWF      R13
L_main0:
0x007E	0x0BFD      	DECFSZ     R13, 1
0x007F	0x287E      	GOTO       L_main0
0x0080	0x0BFC      	DECFSZ     R12, 1
0x0081	0x287E      	GOTO       L_main0
0x0082	0x0000      	NOP
0x0083	0x0000      	NOP
;MotorMovement1.c,20 :: 		PORTB = 0;
0x0084	0x0186      	CLRF       PORTB
;MotorMovement1.c,21 :: 		PORTD = 0;
0x0085	0x0188      	CLRF       PORTD
;MotorMovement1.c,29 :: 		UART1_Write_Text("System ready");   //Send message to PC
0x0086	0x3020      	MOVLW      ?lstr1_MotorMovement1
0x0087	0x00B0      	MOVWF      FARG_UART1_Write_Text_uart_text
0x0088	0x203B      	CALL       _UART1_Write_Text
;MotorMovement1.c,30 :: 		UART1_Write(13);                          //Carriage return
0x0089	0x300D      	MOVLW      13
0x008A	0x00B3      	MOVWF      FARG_UART1_Write_data_
0x008B	0x200A      	CALL       _UART1_Write
;MotorMovement1.c,31 :: 		UART1_Write(10);                          //Line feed
0x008C	0x300A      	MOVLW      10
0x008D	0x00B3      	MOVWF      FARG_UART1_Write_data_
0x008E	0x200A      	CALL       _UART1_Write
;MotorMovement1.c,35 :: 		while (1)                                       // Endless loop
L_main1:
;MotorMovement1.c,37 :: 		if (UART1_Data_Ready())            // If data is received
0x008F	0x2051      	CALL       _UART1_Data_Ready
0x0090	0x0870      	MOVF       R0, 0
0x0091	0x1903      	BTFSC      STATUS, 2
0x0092	0x296C      	GOTO       L_main3
;MotorMovement1.c,39 :: 		msg_data=UART1_Read();
0x0093	0x2024      	CALL       _UART1_Read
0x0094	0x0870      	MOVF       R0, 0
0x0095	0x00AF      	MOVWF      _msg_data
;MotorMovement1.c,40 :: 		UART1_Write(msg_data);      // and send data via UART back to PC
0x0096	0x0870      	MOVF       R0, 0
0x0097	0x00B3      	MOVWF      FARG_UART1_Write_data_
0x0098	0x200A      	CALL       _UART1_Write
;MotorMovement1.c,42 :: 		if (msg_data == '1' ) {
0x0099	0x082F      	MOVF       _msg_data, 0
0x009A	0x3A31      	XORLW      49
0x009B	0x1D03      	BTFSS      STATUS, 2
0x009C	0x28AE      	GOTO       L_main4
;MotorMovement1.c,46 :: 		PORTB.F1=1;
0x009D	0x1486      	BSF        PORTB, 1
;MotorMovement1.c,47 :: 		PORTB.F0=0;
0x009E	0x1006      	BCF        PORTB, 0
;MotorMovement1.c,48 :: 		Delay_ms(1000);
0x009F	0x3006      	MOVLW      6
0x00A0	0x00FB      	MOVWF      R11
0x00A1	0x3013      	MOVLW      19
0x00A2	0x00FC      	MOVWF      R12
0x00A3	0x30AD      	MOVLW      173
0x00A4	0x00FD      	MOVWF      R13
L_main5:
0x00A5	0x0BFD      	DECFSZ     R13, 1
0x00A6	0x28A5      	GOTO       L_main5
0x00A7	0x0BFC      	DECFSZ     R12, 1
0x00A8	0x28A5      	GOTO       L_main5
0x00A9	0x0BFB      	DECFSZ     R11, 1
0x00AA	0x28A5      	GOTO       L_main5
0x00AB	0x0000      	NOP
0x00AC	0x0000      	NOP
;MotorMovement1.c,50 :: 		PORTB = 0;
0x00AD	0x0186      	CLRF       PORTB
;MotorMovement1.c,51 :: 		}
L_main4:
;MotorMovement1.c,53 :: 		if (msg_data == '0' ) {
0x00AE	0x082F      	MOVF       _msg_data, 0
0x00AF	0x3A30      	XORLW      48
0x00B0	0x1D03      	BTFSS      STATUS, 2
0x00B1	0x28C3      	GOTO       L_main6
;MotorMovement1.c,57 :: 		PORTB.F0 = 1;
0x00B2	0x1406      	BSF        PORTB, 0
;MotorMovement1.c,58 :: 		PORTB.F1 = 0;
0x00B3	0x1086      	BCF        PORTB, 1
;MotorMovement1.c,59 :: 		Delay_ms(1000);
0x00B4	0x3006      	MOVLW      6
0x00B5	0x00FB      	MOVWF      R11
0x00B6	0x3013      	MOVLW      19
0x00B7	0x00FC      	MOVWF      R12
0x00B8	0x30AD      	MOVLW      173
0x00B9	0x00FD      	MOVWF      R13
L_main7:
0x00BA	0x0BFD      	DECFSZ     R13, 1
0x00BB	0x28BA      	GOTO       L_main7
0x00BC	0x0BFC      	DECFSZ     R12, 1
0x00BD	0x28BA      	GOTO       L_main7
0x00BE	0x0BFB      	DECFSZ     R11, 1
0x00BF	0x28BA      	GOTO       L_main7
0x00C0	0x0000      	NOP
0x00C1	0x0000      	NOP
;MotorMovement1.c,61 :: 		PORTB = 0;
0x00C2	0x0186      	CLRF       PORTB
;MotorMovement1.c,62 :: 		}
L_main6:
;MotorMovement1.c,64 :: 		if (msg_data == '3' ) {
0x00C3	0x082F      	MOVF       _msg_data, 0
0x00C4	0x3A33      	XORLW      51
0x00C5	0x1D03      	BTFSS      STATUS, 2
0x00C6	0x28D8      	GOTO       L_main8
;MotorMovement1.c,67 :: 		PORTB.F6=0;
0x00C7	0x1306      	BCF        PORTB, 6
;MotorMovement1.c,68 :: 		PORTB.F7=1;
0x00C8	0x1786      	BSF        PORTB, 7
;MotorMovement1.c,69 :: 		Delay_ms(1000);
0x00C9	0x3006      	MOVLW      6
0x00CA	0x00FB      	MOVWF      R11
0x00CB	0x3013      	MOVLW      19
0x00CC	0x00FC      	MOVWF      R12
0x00CD	0x30AD      	MOVLW      173
0x00CE	0x00FD      	MOVWF      R13
L_main9:
0x00CF	0x0BFD      	DECFSZ     R13, 1
0x00D0	0x28CF      	GOTO       L_main9
0x00D1	0x0BFC      	DECFSZ     R12, 1
0x00D2	0x28CF      	GOTO       L_main9
0x00D3	0x0BFB      	DECFSZ     R11, 1
0x00D4	0x28CF      	GOTO       L_main9
0x00D5	0x0000      	NOP
0x00D6	0x0000      	NOP
;MotorMovement1.c,71 :: 		PORTB=0;
0x00D7	0x0186      	CLRF       PORTB
;MotorMovement1.c,72 :: 		}
L_main8:
;MotorMovement1.c,74 :: 		if (msg_data == '2' ) {
0x00D8	0x082F      	MOVF       _msg_data, 0
0x00D9	0x3A32      	XORLW      50
0x00DA	0x1D03      	BTFSS      STATUS, 2
0x00DB	0x28ED      	GOTO       L_main10
;MotorMovement1.c,77 :: 		PORTB.F6=1;
0x00DC	0x1706      	BSF        PORTB, 6
;MotorMovement1.c,78 :: 		PORTB.F7=0;
0x00DD	0x1386      	BCF        PORTB, 7
;MotorMovement1.c,79 :: 		Delay_ms(1000);
0x00DE	0x3006      	MOVLW      6
0x00DF	0x00FB      	MOVWF      R11
0x00E0	0x3013      	MOVLW      19
0x00E1	0x00FC      	MOVWF      R12
0x00E2	0x30AD      	MOVLW      173
0x00E3	0x00FD      	MOVWF      R13
L_main11:
0x00E4	0x0BFD      	DECFSZ     R13, 1
0x00E5	0x28E4      	GOTO       L_main11
0x00E6	0x0BFC      	DECFSZ     R12, 1
0x00E7	0x28E4      	GOTO       L_main11
0x00E8	0x0BFB      	DECFSZ     R11, 1
0x00E9	0x28E4      	GOTO       L_main11
0x00EA	0x0000      	NOP
0x00EB	0x0000      	NOP
;MotorMovement1.c,81 :: 		PORTB=0;
0x00EC	0x0186      	CLRF       PORTB
;MotorMovement1.c,82 :: 		}
L_main10:
;MotorMovement1.c,84 :: 		if (msg_data == '5' ) {
0x00ED	0x082F      	MOVF       _msg_data, 0
0x00EE	0x3A35      	XORLW      53
0x00EF	0x1D03      	BTFSS      STATUS, 2
0x00F0	0x2902      	GOTO       L_main12
;MotorMovement1.c,87 :: 		PORTD.F4=0;
0x00F1	0x1208      	BCF        PORTD, 4
;MotorMovement1.c,88 :: 		PORTD.F5=1;
0x00F2	0x1688      	BSF        PORTD, 5
;MotorMovement1.c,89 :: 		Delay_ms(1000);
0x00F3	0x3006      	MOVLW      6
0x00F4	0x00FB      	MOVWF      R11
0x00F5	0x3013      	MOVLW      19
0x00F6	0x00FC      	MOVWF      R12
0x00F7	0x30AD      	MOVLW      173
0x00F8	0x00FD      	MOVWF      R13
L_main13:
0x00F9	0x0BFD      	DECFSZ     R13, 1
0x00FA	0x28F9      	GOTO       L_main13
0x00FB	0x0BFC      	DECFSZ     R12, 1
0x00FC	0x28F9      	GOTO       L_main13
0x00FD	0x0BFB      	DECFSZ     R11, 1
0x00FE	0x28F9      	GOTO       L_main13
0x00FF	0x0000      	NOP
0x0100	0x0000      	NOP
;MotorMovement1.c,91 :: 		PORTD=0;
0x0101	0x0188      	CLRF       PORTD
;MotorMovement1.c,92 :: 		}
L_main12:
;MotorMovement1.c,94 :: 		if (msg_data == '4' ) {
0x0102	0x082F      	MOVF       _msg_data, 0
0x0103	0x3A34      	XORLW      52
0x0104	0x1D03      	BTFSS      STATUS, 2
0x0105	0x2917      	GOTO       L_main14
;MotorMovement1.c,97 :: 		PORTD.F4=1;
0x0106	0x1608      	BSF        PORTD, 4
;MotorMovement1.c,98 :: 		PORTD.F5=0;
0x0107	0x1288      	BCF        PORTD, 5
;MotorMovement1.c,99 :: 		Delay_ms(1000);
0x0108	0x3006      	MOVLW      6
0x0109	0x00FB      	MOVWF      R11
0x010A	0x3013      	MOVLW      19
0x010B	0x00FC      	MOVWF      R12
0x010C	0x30AD      	MOVLW      173
0x010D	0x00FD      	MOVWF      R13
L_main15:
0x010E	0x0BFD      	DECFSZ     R13, 1
0x010F	0x290E      	GOTO       L_main15
0x0110	0x0BFC      	DECFSZ     R12, 1
0x0111	0x290E      	GOTO       L_main15
0x0112	0x0BFB      	DECFSZ     R11, 1
0x0113	0x290E      	GOTO       L_main15
0x0114	0x0000      	NOP
0x0115	0x0000      	NOP
;MotorMovement1.c,101 :: 		PORTD=0;
0x0116	0x0188      	CLRF       PORTD
;MotorMovement1.c,102 :: 		}
L_main14:
;MotorMovement1.c,104 :: 		if (msg_data == '7' ) {
0x0117	0x082F      	MOVF       _msg_data, 0
0x0118	0x3A37      	XORLW      55
0x0119	0x1D03      	BTFSS      STATUS, 2
0x011A	0x292C      	GOTO       L_main16
;MotorMovement1.c,107 :: 		PORTD.F2=0;
0x011B	0x1108      	BCF        PORTD, 2
;MotorMovement1.c,108 :: 		PORTD.F3=1;
0x011C	0x1588      	BSF        PORTD, 3
;MotorMovement1.c,109 :: 		Delay_ms(1000);
0x011D	0x3006      	MOVLW      6
0x011E	0x00FB      	MOVWF      R11
0x011F	0x3013      	MOVLW      19
0x0120	0x00FC      	MOVWF      R12
0x0121	0x30AD      	MOVLW      173
0x0122	0x00FD      	MOVWF      R13
L_main17:
0x0123	0x0BFD      	DECFSZ     R13, 1
0x0124	0x2923      	GOTO       L_main17
0x0125	0x0BFC      	DECFSZ     R12, 1
0x0126	0x2923      	GOTO       L_main17
0x0127	0x0BFB      	DECFSZ     R11, 1
0x0128	0x2923      	GOTO       L_main17
0x0129	0x0000      	NOP
0x012A	0x0000      	NOP
;MotorMovement1.c,111 :: 		PORTD=0;
0x012B	0x0188      	CLRF       PORTD
;MotorMovement1.c,112 :: 		}
L_main16:
;MotorMovement1.c,114 :: 		if (msg_data == '6' ) {
0x012C	0x082F      	MOVF       _msg_data, 0
0x012D	0x3A36      	XORLW      54
0x012E	0x1D03      	BTFSS      STATUS, 2
0x012F	0x2941      	GOTO       L_main18
;MotorMovement1.c,117 :: 		PORTD.F2=1;
0x0130	0x1508      	BSF        PORTD, 2
;MotorMovement1.c,118 :: 		PORTD.F3=0;
0x0131	0x1188      	BCF        PORTD, 3
;MotorMovement1.c,119 :: 		Delay_ms(1000);
0x0132	0x3006      	MOVLW      6
0x0133	0x00FB      	MOVWF      R11
0x0134	0x3013      	MOVLW      19
0x0135	0x00FC      	MOVWF      R12
0x0136	0x30AD      	MOVLW      173
0x0137	0x00FD      	MOVWF      R13
L_main19:
0x0138	0x0BFD      	DECFSZ     R13, 1
0x0139	0x2938      	GOTO       L_main19
0x013A	0x0BFC      	DECFSZ     R12, 1
0x013B	0x2938      	GOTO       L_main19
0x013C	0x0BFB      	DECFSZ     R11, 1
0x013D	0x2938      	GOTO       L_main19
0x013E	0x0000      	NOP
0x013F	0x0000      	NOP
;MotorMovement1.c,121 :: 		PORTD=0;
0x0140	0x0188      	CLRF       PORTD
;MotorMovement1.c,122 :: 		}
L_main18:
;MotorMovement1.c,124 :: 		if (msg_data == '9' ) {
0x0141	0x082F      	MOVF       _msg_data, 0
0x0142	0x3A39      	XORLW      57
0x0143	0x1D03      	BTFSS      STATUS, 2
0x0144	0x2956      	GOTO       L_main20
;MotorMovement1.c,127 :: 		PORTD.F0=0;
0x0145	0x1008      	BCF        PORTD, 0
;MotorMovement1.c,128 :: 		PORTD.F1=1;
0x0146	0x1488      	BSF        PORTD, 1
;MotorMovement1.c,129 :: 		Delay_ms(1000);
0x0147	0x3006      	MOVLW      6
0x0148	0x00FB      	MOVWF      R11
0x0149	0x3013      	MOVLW      19
0x014A	0x00FC      	MOVWF      R12
0x014B	0x30AD      	MOVLW      173
0x014C	0x00FD      	MOVWF      R13
L_main21:
0x014D	0x0BFD      	DECFSZ     R13, 1
0x014E	0x294D      	GOTO       L_main21
0x014F	0x0BFC      	DECFSZ     R12, 1
0x0150	0x294D      	GOTO       L_main21
0x0151	0x0BFB      	DECFSZ     R11, 1
0x0152	0x294D      	GOTO       L_main21
0x0153	0x0000      	NOP
0x0154	0x0000      	NOP
;MotorMovement1.c,131 :: 		PORTD=0;
0x0155	0x0188      	CLRF       PORTD
;MotorMovement1.c,132 :: 		}
L_main20:
;MotorMovement1.c,134 :: 		if (msg_data == '8' ) {
0x0156	0x082F      	MOVF       _msg_data, 0
0x0157	0x3A38      	XORLW      56
0x0158	0x1D03      	BTFSS      STATUS, 2
0x0159	0x296B      	GOTO       L_main22
;MotorMovement1.c,137 :: 		PORTD.F0=1;
0x015A	0x1408      	BSF        PORTD, 0
;MotorMovement1.c,138 :: 		PORTD.F1=0;
0x015B	0x1088      	BCF        PORTD, 1
;MotorMovement1.c,139 :: 		Delay_ms(1000);
0x015C	0x3006      	MOVLW      6
0x015D	0x00FB      	MOVWF      R11
0x015E	0x3013      	MOVLW      19
0x015F	0x00FC      	MOVWF      R12
0x0160	0x30AD      	MOVLW      173
0x0161	0x00FD      	MOVWF      R13
L_main23:
0x0162	0x0BFD      	DECFSZ     R13, 1
0x0163	0x2962      	GOTO       L_main23
0x0164	0x0BFC      	DECFSZ     R12, 1
0x0165	0x2962      	GOTO       L_main23
0x0166	0x0BFB      	DECFSZ     R11, 1
0x0167	0x2962      	GOTO       L_main23
0x0168	0x0000      	NOP
0x0169	0x0000      	NOP
;MotorMovement1.c,141 :: 		PORTD=0;
0x016A	0x0188      	CLRF       PORTD
;MotorMovement1.c,142 :: 		}
L_main22:
;MotorMovement1.c,157 :: 		msg_data=0;
0x016B	0x01AF      	CLRF       _msg_data
;MotorMovement1.c,158 :: 		}
L_main3:
;MotorMovement1.c,159 :: 		}
0x016C	0x288F      	GOTO       L_main1
;MotorMovement1.c,160 :: 		}
L_end_main:
0x016D	0x296D      	GOTO       $+0
; end of _main
Symbol List:
//** Routines locations **
//ADDRESS    SIZE    PROCEDURE
//----------------------------------------------
0x0003       [7]    _____DoICP
0x000A      [10]    _UART1_Write
0x0014      [16]    _UART1_Init
0x0024      [11]    _UART1_Read
0x002F      [12]    ___CC2DW
0x003B      [22]    _UART1_Write_Text
0x0051       [7]    _UART1_Data_Ready
0x0058     [278]    _main
//** Variables locations ** 
//ADDRESS    SIZE    VARIABLE
//----------------------------------------------
0x0000       [1]    INDF
0x0002       [1]    PCL
0x0003       [1]    STATUS
0x0004       [1]    FSR
0x0006       [1]    PORTB
0x0008       [1]    PORTD
0x000A       [1]    PCLATH
0x000C       [1]    PIR1
0x0018       [1]    RCSTA
0x0019       [1]    TXREG
0x001A       [1]    RCREG
0x0020      [13]    ?lstr1_MotorMovement1
0x002D       [2]    ___DoICPAddr
0x002F       [1]    _msg_data
0x0030       [1]    FARG_UART1_Write_Text_uart_text
0x0031       [1]    UART1_Write_Text_data__L0
0x0032       [1]    UART1_Write_Text_counter_L0
0x0033       [1]    FARG_UART1_Write_data_
0x0070       [1]    R0
0x0071       [1]    R1
0x0072       [1]    R2
0x0073       [1]    R3
0x0074       [1]    R4
0x0075       [1]    R5
0x0076       [1]    R6
0x0077       [1]    R7
0x0078       [1]    R8
0x0079       [1]    R9
0x007A       [1]    R10
0x007B       [1]    R11
0x007C       [1]    R12
0x007D       [1]    R13
0x007E       [1]    R14
0x007F       [1]    R15
0x0086       [1]    TRISB
0x0087       [0]    TRISC7_bit
0x0087       [0]    TRISC6_bit
0x0088       [1]    TRISD
0x0098       [1]    TXSTA
0x0099       [1]    SPBRG
//** Label List: ** 
//----------------------------------------------
  L_main0
  L_main1
  L_main2
  L_main3
  L_main4
  L_main5
  L_main6
  L_main7
  L_main8
  L_main9
  L_main10
  L_main11
  L_main12
  L_main13
  L_main14
  L_main15
  L_main16
  L_main17
  L_main18
  L_main19
  L_main20
  L_main21
  L_main22
  L_main23
  L_end_main
  _main
  L_loopCA2AWs
  L_CA2AWend
  _CCA2AW_Loop1
  L_loopCS2Ss
  L_CS2Send
  _CCS2S_Loop1
  L_CCS2Send
  L_loopFZinSWs
  L_FZinSend
  _CC2D_Loop1
  L_end_____DoICP
  _____DoICP
  L_end_____DoIFC
  _____DoIFC
  L_end___CA2AW
  ___CA2AW
  L_end___CCA2AW
  ___CCA2AW
  L_end___CS2S
  ___CS2S
  L_end___CCS2S
  ___CCS2S
  L_end___FZinS
  ___FZinS
  L_end___CC2DW
  ___CC2DW
  L_end_Swap
  _Swap
  L_UART1_Init0
  L_UART1_Init1
  L_UART1_Read2
  L_UART1_Write3
  L_UART1_Write4
  L_UART1_Write_Text5
  L_UART1_Write_Text6
  L_UART1_Read_Text7
  L_UART1_Read_Text8
  L_UART1_Read_Text9
  L_UART1_Read_Text10
  L_UART1_Read_Text11
  L_UART1_Read_Text12
  L_UART1_Read_Text13
  L_UART1_Read_Text14
  L_UART1_Read_Text15
  L_end_UART1_Init
  _UART1_Init
  L_end_UART1_Data_Ready
  _UART1_Data_Ready
  L_end_UART1_Read
  _UART1_Read
  L_end_UART1_Tx_Idle
  _UART1_Tx_Idle
  L_end_UART1_Write
  _UART1_Write
  L_end_UART1_Write_Text
  _UART1_Write_Text
  L_end_UART1_Read_Text
  _UART1_Read_Text
